d:\glyndwr\com646\prototype\2d_engine_prototype\irma prototype\2d_game_engine_prototype\debug\vc143.pdb
d:\glyndwr\com646\prototype\2d_engine_prototype\irma prototype\2d_game_engine_prototype\debug\vc143.idb
d:\glyndwr\com646\prototype\2d_engine_prototype\irma prototype\2d_game_engine_prototype\debug\main.obj
d:\glyndwr\com646\prototype\2d_engine_prototype\irma prototype\2d_game_engine_prototype\debug\imgui_widgets.obj
d:\glyndwr\com646\prototype\2d_engine_prototype\irma prototype\2d_game_engine_prototype\debug\imgui_sdl.obj
d:\glyndwr\com646\prototype\2d_engine_prototype\irma prototype\2d_game_engine_prototype\debug\imgui_draw.obj
d:\glyndwr\com646\prototype\2d_engine_prototype\irma prototype\2d_game_engine_prototype\debug\imgui_demo.obj
d:\glyndwr\com646\prototype\2d_engine_prototype\irma prototype\2d_game_engine_prototype\debug\imgui.obj
d:\glyndwr\com646\prototype\2d_engine_prototype\irma prototype\2d_game_engine_prototype\debug\glm.obj
d:\glyndwr\com646\prototype\2d_engine_prototype\irma prototype\2d_game_engine_prototype\debug\game.obj
d:\glyndwr\com646\prototype\2d_engine_prototype\irma prototype\2d_game_engine_prototype\debug\logger.obj
d:\glyndwr\com646\prototype\2d_engine_prototype\irma prototype\2d_game_engine_prototype\debug\ecs.obj
d:\glyndwr\com646\prototype\2d_engine_prototype\irma prototype\2d_game_engine_prototype\debug\2d_game_engine_prototype.exe
d:\glyndwr\com646\prototype\2d_engine_prototype\irma prototype\2d_game_engine_prototype\debug\2d_game_engine_prototype.ilk
d:\glyndwr\com646\prototype\2d_engine_prototype\irma prototype\2d_game_engine_prototype\debug\2d_game_engine_prototype.pdb
d:\glyndwr\com646\prototype\2d_engine_prototype\irma prototype\2d_game_engine_prototype\debug\2d_game_.21c516ab.tlog\cl.command.1.tlog
d:\glyndwr\com646\prototype\2d_engine_prototype\irma prototype\2d_game_engine_prototype\debug\2d_game_.21c516ab.tlog\cl.items.tlog
d:\glyndwr\com646\prototype\2d_engine_prototype\irma prototype\2d_game_engine_prototype\debug\2d_game_.21c516ab.tlog\cl.read.1.tlog
d:\glyndwr\com646\prototype\2d_engine_prototype\irma prototype\2d_game_engine_prototype\debug\2d_game_.21c516ab.tlog\cl.write.1.tlog
d:\glyndwr\com646\prototype\2d_engine_prototype\irma prototype\2d_game_engine_prototype\debug\2d_game_.21c516ab.tlog\link.command.1.tlog
d:\glyndwr\com646\prototype\2d_engine_prototype\irma prototype\2d_game_engine_prototype\debug\2d_game_.21c516ab.tlog\link.read.1.tlog
d:\glyndwr\com646\prototype\2d_engine_prototype\irma prototype\2d_game_engine_prototype\debug\2d_game_.21c516ab.tlog\link.write.1.tlog
